build/app/intermediates/manifest_merge_blame_file/release/manifest-merger-blame-release-report.txt
1<?xml version="1.0" encoding="utf-8"?>
2<manifest xmlns:android="http://schemas.android.com/apk/res/android"
3    package="com.example.EaRise"
4    android:versionCode="1"
5    android:versionName="1.0.0" >
6
7    <uses-sdk
8        android:minSdkVersion="23"
8-->src\main\AndroidManifest.xml
9        android:targetSdkVersion="33" />
9-->src\main\AndroidManifest.xml
10    <!--
11         io.flutter.app.FlutterApplication is an android.app.Application that
12         calls FlutterMain.startInitialization(this); in its onCreate method.
13         In most cases you can leave this as-is, but you if you want to provide
14         additional functionality it is fine to subclass or reimplement
15         FlutterApplication and put your custom class here.
16    -->
17    <uses-permission android:name="android.permission.RECORD_AUDIO" />
17-->src\main\AndroidManifest.xml:8:5-70
17-->src\main\AndroidManifest.xml:8:22-68
18    <uses-permission android:name="android.permission.INTERNET" />
18-->src\main\AndroidManifest.xml:9:5-66
18-->src\main\AndroidManifest.xml:9:22-64
19    <uses-permission android:name="android.permission.BLUETOOTH" />
19-->src\main\AndroidManifest.xml:10:5-67
19-->src\main\AndroidManifest.xml:10:22-65
20    <uses-permission android:name="android.permission.BLUETOOTH_ADMIN" />
20-->src\main\AndroidManifest.xml:11:5-73
20-->src\main\AndroidManifest.xml:11:22-71
21    <uses-permission android:name="android.permission.BLUETOOTH_CONNECT" />
21-->src\main\AndroidManifest.xml:12:5-75
21-->src\main\AndroidManifest.xml:12:22-73
22
23    <queries>
23-->src\main\AndroidManifest.xml:13:5-24:15
24        <intent>
24-->src\main\AndroidManifest.xml:14:9-16:18
25            <action android:name="android.speech.RecognitionService" />
25-->src\main\AndroidManifest.xml:15:13-72
25-->src\main\AndroidManifest.xml:15:21-69
26        </intent>
27        <intent>
27-->src\main\AndroidManifest.xml:17:9-20:18
28            <action android:name="android.intent.action.SENDTO" />
28-->src\main\AndroidManifest.xml:18:13-67
28-->src\main\AndroidManifest.xml:18:21-64
29
30            <data android:scheme="mailto" />
30-->src\main\AndroidManifest.xml:19:13-45
30-->src\main\AndroidManifest.xml:19:19-42
31        </intent>
32        <intent>
32-->src\main\AndroidManifest.xml:21:9-23:18
33            <action android:name="android.support.customtabs.action.CustomTabsService" />
33-->src\main\AndroidManifest.xml:22:13-90
33-->src\main\AndroidManifest.xml:22:21-87
34        </intent>
35    </queries>
36    <!-- Although the *SdkVersion is captured in gradle build files, this is required for non gradle builds -->
37    <!-- <uses-sdk android:minSdkVersion="21" /> -->
38    <uses-permission android:name="android.permission.ACCESS_NETWORK_STATE" />
38-->[com.google.firebase:firebase-firestore:25.0.0] AndroidManifest.xml:10:5-79
38-->[com.google.firebase:firebase-firestore:25.0.0] AndroidManifest.xml:10:22-76
39    <uses-permission android:name="android.permission.WAKE_LOCK" />
39-->[com.google.android.gms:play-services-measurement-api:22.0.0] AndroidManifest.xml:24:5-68
39-->[com.google.android.gms:play-services-measurement-api:22.0.0] AndroidManifest.xml:24:22-65
40    <uses-permission android:name="com.google.android.gms.permission.AD_ID" />
40-->[com.google.android.gms:play-services-measurement-api:22.0.0] AndroidManifest.xml:25:5-79
40-->[com.google.android.gms:play-services-measurement-api:22.0.0] AndroidManifest.xml:25:22-76
41    <uses-permission android:name="android.permission.ACCESS_ADSERVICES_ATTRIBUTION" />
41-->[com.google.android.gms:play-services-measurement-api:22.0.0] AndroidManifest.xml:26:5-88
41-->[com.google.android.gms:play-services-measurement-api:22.0.0] AndroidManifest.xml:26:22-85
42    <uses-permission android:name="android.permission.ACCESS_ADSERVICES_AD_ID" />
42-->[com.google.android.gms:play-services-measurement-api:22.0.0] AndroidManifest.xml:27:5-82
42-->[com.google.android.gms:play-services-measurement-api:22.0.0] AndroidManifest.xml:27:22-79
43    <uses-permission android:name="com.google.android.finsky.permission.BIND_GET_INSTALL_REFERRER_SERVICE" />
43-->[com.google.android.gms:play-services-measurement:22.0.0] AndroidManifest.xml:26:5-110
43-->[com.google.android.gms:play-services-measurement:22.0.0] AndroidManifest.xml:26:22-107
44    <uses-permission android:name="com.google.android.providers.gsf.permission.READ_GSERVICES" />
44-->[com.google.android.recaptcha:recaptcha:18.4.0] AndroidManifest.xml:9:5-98
44-->[com.google.android.recaptcha:recaptcha:18.4.0] AndroidManifest.xml:9:22-95
45
46    <permission
46-->[androidx.core:core:1.10.1] AndroidManifest.xml:22:5-24:47
47        android:name="com.example.EaRise.DYNAMIC_RECEIVER_NOT_EXPORTED_PERMISSION"
47-->[androidx.core:core:1.10.1] AndroidManifest.xml:23:9-81
48        android:protectionLevel="signature" />
48-->[androidx.core:core:1.10.1] AndroidManifest.xml:24:9-44
49
50    <uses-permission android:name="com.example.EaRise.DYNAMIC_RECEIVER_NOT_EXPORTED_PERMISSION" />
50-->[androidx.core:core:1.10.1] AndroidManifest.xml:26:5-97
50-->[androidx.core:core:1.10.1] AndroidManifest.xml:26:22-94
51
52    <application
53        android:name="android.app.Application"
53-->src\main\AndroidManifest.xml:27:9-42
54        android:appComponentFactory="androidx.core.app.CoreComponentFactory"
54-->[androidx.core:core:1.10.1] AndroidManifest.xml:28:18-86
55        android:enableOnBackInvokedCallback="true"
55-->src\main\AndroidManifest.xml:29:9-51
56        android:extractNativeLibs="false"
57        android:icon="@mipmap/ic_launcher"
57-->src\main\AndroidManifest.xml:28:9-43
58        android:label="SeenSound" >
58-->src\main\AndroidManifest.xml:26:9-34
59        <activity
59-->src\main\AndroidManifest.xml:30:9-61:20
60            android:name="com.example.EaRise.MainActivity"
60-->src\main\AndroidManifest.xml:31:13-41
61            android:configChanges="orientation|keyboardHidden|keyboard|screenSize|smallestScreenSize|locale|layoutDirection|fontScale|screenLayout|density|uiMode"
61-->src\main\AndroidManifest.xml:35:13-163
62            android:exported="true"
62-->src\main\AndroidManifest.xml:32:13-36
63            android:hardwareAccelerated="true"
63-->src\main\AndroidManifest.xml:36:13-47
64            android:launchMode="singleTop"
64-->src\main\AndroidManifest.xml:33:13-43
65            android:theme="@style/LaunchTheme"
65-->src\main\AndroidManifest.xml:34:13-47
66            android:windowSoftInputMode="adjustResize" >
66-->src\main\AndroidManifest.xml:37:13-55
67
68            <!--
69                 Specifies an Android theme to apply to this Activity as soon as
70                 the Android process has started. This theme is visible to the user
71                 while the Flutter UI initializes. After that, this theme continues
72                 to determine the Window background behind the Flutter UI.
73            -->
74            <meta-data
74-->src\main\AndroidManifest.xml:42:13-46:17
75                android:name="io.flutter.embedding.android.NormalTheme"
75-->src\main\AndroidManifest.xml:43:15-70
76                android:resource="@style/NormalTheme" />
76-->src\main\AndroidManifest.xml:44:15-52
77
78            <!--
79                 Displays an Android View that continues showing the launch screen
80                 Drawable until Flutter paints its first frame, then this splash
81                 screen fades out. A splash screen is useful to avoid any visual
82                 gap between the end of Android's launch screen and the painting of
83                 Flutter's first frame.
84            -->
85            <meta-data
85-->src\main\AndroidManifest.xml:53:13-56:17
86                android:name="io.flutter.embedding.android.SplashScreenDrawable"
86-->src\main\AndroidManifest.xml:54:15-79
87                android:resource="@drawable/launch_background" />
87-->src\main\AndroidManifest.xml:55:15-61
88
89            <intent-filter>
89-->src\main\AndroidManifest.xml:57:13-60:29
90                <action android:name="android.intent.action.MAIN" />
90-->src\main\AndroidManifest.xml:58:17-68
90-->src\main\AndroidManifest.xml:58:25-66
91
92                <category android:name="android.intent.category.LAUNCHER" />
92-->src\main\AndroidManifest.xml:59:17-76
92-->src\main\AndroidManifest.xml:59:27-74
93            </intent-filter>
94        </activity>
95        <!--
96             Don't delete the meta-data below.
97             This is used by the Flutter tool to generate GeneratedPluginRegistrant.java
98        -->
99        <meta-data
99-->src\main\AndroidManifest.xml:64:9-66:33
100            android:name="flutterEmbedding"
100-->src\main\AndroidManifest.xml:65:13-44
101            android:value="2" />
101-->src\main\AndroidManifest.xml:66:13-30
102
103        <service
103-->[:cloud_firestore] AndroidManifest.xml:10:9-14:19
104            android:name="com.google.firebase.components.ComponentDiscoveryService"
104-->[:cloud_firestore] AndroidManifest.xml:10:18-89
105            android:directBootAware="true"
105-->[com.google.firebase:firebase-common:21.0.0] AndroidManifest.xml:32:13-43
106            android:exported="false" >
106-->[com.google.firebase:firebase-firestore:25.0.0] AndroidManifest.xml:16:13-37
107            <meta-data
107-->[:cloud_firestore] AndroidManifest.xml:11:13-13:85
108                android:name="com.google.firebase.components:io.flutter.plugins.firebase.firestore.FlutterFirebaseFirestoreRegistrar"
108-->[:cloud_firestore] AndroidManifest.xml:12:17-134
109                android:value="com.google.firebase.components.ComponentRegistrar" />
109-->[:cloud_firestore] AndroidManifest.xml:13:17-82
110            <meta-data
110-->[:firebase_auth] AndroidManifest.xml:11:13-13:85
111                android:name="com.google.firebase.components:io.flutter.plugins.firebase.auth.FlutterFirebaseAuthRegistrar"
111-->[:firebase_auth] AndroidManifest.xml:12:17-124
112                android:value="com.google.firebase.components.ComponentRegistrar" />
112-->[:firebase_auth] AndroidManifest.xml:13:17-82
113            <meta-data
113-->[:firebase_storage] AndroidManifest.xml:11:13-13:85
114                android:name="com.google.firebase.components:io.flutter.plugins.firebase.storage.FlutterFirebaseAppRegistrar"
114-->[:firebase_storage] AndroidManifest.xml:12:17-126
115                android:value="com.google.firebase.components.ComponentRegistrar" />
115-->[:firebase_storage] AndroidManifest.xml:13:17-82
116            <meta-data
116-->[:firebase_core] AndroidManifest.xml:11:13-13:85
117                android:name="com.google.firebase.components:io.flutter.plugins.firebase.core.FlutterFirebaseCoreRegistrar"
117-->[:firebase_core] AndroidManifest.xml:12:17-124
118                android:value="com.google.firebase.components.ComponentRegistrar" />
118-->[:firebase_core] AndroidManifest.xml:13:17-82
119            <meta-data
119-->[com.google.firebase:firebase-firestore:25.0.0] AndroidManifest.xml:17:13-19:85
120                android:name="com.google.firebase.components:com.google.firebase.firestore.FirebaseFirestoreKtxRegistrar"
120-->[com.google.firebase:firebase-firestore:25.0.0] AndroidManifest.xml:18:17-122
121                android:value="com.google.firebase.components.ComponentRegistrar" />
121-->[com.google.firebase:firebase-firestore:25.0.0] AndroidManifest.xml:19:17-82
122            <meta-data
122-->[com.google.firebase:firebase-firestore:25.0.0] AndroidManifest.xml:20:13-22:85
123                android:name="com.google.firebase.components:com.google.firebase.firestore.FirestoreRegistrar"
123-->[com.google.firebase:firebase-firestore:25.0.0] AndroidManifest.xml:21:17-111
124                android:value="com.google.firebase.components.ComponentRegistrar" />
124-->[com.google.firebase:firebase-firestore:25.0.0] AndroidManifest.xml:22:17-82
125            <meta-data
125-->[com.google.firebase:firebase-auth:23.0.0] AndroidManifest.xml:69:13-71:85
126                android:name="com.google.firebase.components:com.google.firebase.auth.FirebaseAuthRegistrar"
126-->[com.google.firebase:firebase-auth:23.0.0] AndroidManifest.xml:70:17-109
127                android:value="com.google.firebase.components.ComponentRegistrar" />
127-->[com.google.firebase:firebase-auth:23.0.0] AndroidManifest.xml:71:17-82
128            <meta-data
128-->[com.google.firebase:firebase-storage:21.0.0] AndroidManifest.xml:30:13-32:85
129                android:name="com.google.firebase.components:com.google.firebase.storage.FirebaseStorageKtxRegistrar"
129-->[com.google.firebase:firebase-storage:21.0.0] AndroidManifest.xml:31:17-118
130                android:value="com.google.firebase.components.ComponentRegistrar" />
130-->[com.google.firebase:firebase-storage:21.0.0] AndroidManifest.xml:32:17-82
131            <meta-data
131-->[com.google.firebase:firebase-storage:21.0.0] AndroidManifest.xml:33:13-35:85
132                android:name="com.google.firebase.components:com.google.firebase.storage.StorageRegistrar"
132-->[com.google.firebase:firebase-storage:21.0.0] AndroidManifest.xml:34:17-107
133                android:value="com.google.firebase.components.ComponentRegistrar" />
133-->[com.google.firebase:firebase-storage:21.0.0] AndroidManifest.xml:35:17-82
134            <meta-data
134-->[com.google.android.gms:play-services-measurement-api:22.0.0] AndroidManifest.xml:37:13-39:85
135                android:name="com.google.firebase.components:com.google.firebase.analytics.connector.internal.AnalyticsConnectorRegistrar"
135-->[com.google.android.gms:play-services-measurement-api:22.0.0] AndroidManifest.xml:38:17-139
136                android:value="com.google.firebase.components.ComponentRegistrar" />
136-->[com.google.android.gms:play-services-measurement-api:22.0.0] AndroidManifest.xml:39:17-82
137            <meta-data
137-->[com.google.firebase:firebase-appcheck:18.0.0] AndroidManifest.xml:25:13-27:85
138                android:name="com.google.firebase.components:com.google.firebase.appcheck.FirebaseAppCheckKtxRegistrar"
138-->[com.google.firebase:firebase-appcheck:18.0.0] AndroidManifest.xml:26:17-120
139                android:value="com.google.firebase.components.ComponentRegistrar" />
139-->[com.google.firebase:firebase-appcheck:18.0.0] AndroidManifest.xml:27:17-82
140            <meta-data
140-->[com.google.firebase:firebase-appcheck:18.0.0] AndroidManifest.xml:28:13-30:85
141                android:name="com.google.firebase.components:com.google.firebase.appcheck.FirebaseAppCheckRegistrar"
141-->[com.google.firebase:firebase-appcheck:18.0.0] AndroidManifest.xml:29:17-117
142                android:value="com.google.firebase.components.ComponentRegistrar" />
142-->[com.google.firebase:firebase-appcheck:18.0.0] AndroidManifest.xml:30:17-82
143            <meta-data
143-->[com.google.firebase:firebase-installations:18.0.0] AndroidManifest.xml:15:13-17:85
144                android:name="com.google.firebase.components:com.google.firebase.installations.FirebaseInstallationsKtxRegistrar"
144-->[com.google.firebase:firebase-installations:18.0.0] AndroidManifest.xml:16:17-130
145                android:value="com.google.firebase.components.ComponentRegistrar" />
145-->[com.google.firebase:firebase-installations:18.0.0] AndroidManifest.xml:17:17-82
146            <meta-data
146-->[com.google.firebase:firebase-installations:18.0.0] AndroidManifest.xml:18:13-20:85
147                android:name="com.google.firebase.components:com.google.firebase.installations.FirebaseInstallationsRegistrar"
147-->[com.google.firebase:firebase-installations:18.0.0] AndroidManifest.xml:19:17-127
148                android:value="com.google.firebase.components.ComponentRegistrar" />
148-->[com.google.firebase:firebase-installations:18.0.0] AndroidManifest.xml:20:17-82
149            <meta-data
149-->[com.google.firebase:firebase-common-ktx:21.0.0] AndroidManifest.xml:12:13-14:85
150                android:name="com.google.firebase.components:com.google.firebase.ktx.FirebaseCommonLegacyRegistrar"
150-->[com.google.firebase:firebase-common-ktx:21.0.0] AndroidManifest.xml:13:17-116
151                android:value="com.google.firebase.components.ComponentRegistrar" />
151-->[com.google.firebase:firebase-common-ktx:21.0.0] AndroidManifest.xml:14:17-82
152            <meta-data
152-->[com.google.firebase:firebase-common:21.0.0] AndroidManifest.xml:35:13-37:85
153                android:name="com.google.firebase.components:com.google.firebase.FirebaseCommonKtxRegistrar"
153-->[com.google.firebase:firebase-common:21.0.0] AndroidManifest.xml:36:17-109
154                android:value="com.google.firebase.components.ComponentRegistrar" />
154-->[com.google.firebase:firebase-common:21.0.0] AndroidManifest.xml:37:17-82
155        </service>
156
157        <provider
157-->[:flutter_email_sender] AndroidManifest.xml:10:9-18:20
158            android:name="com.sidlatau.flutteremailsender.FlutterEmailSenderFileProvider"
158-->[:flutter_email_sender] AndroidManifest.xml:11:13-90
159            android:authorities="com.example.EaRise.file_provider"
159-->[:flutter_email_sender] AndroidManifest.xml:12:13-65
160            android:exported="false"
160-->[:flutter_email_sender] AndroidManifest.xml:13:13-37
161            android:grantUriPermissions="true" >
161-->[:flutter_email_sender] AndroidManifest.xml:14:13-47
162            <meta-data
162-->[:flutter_email_sender] AndroidManifest.xml:15:13-17:61
163                android:name="android.support.FILE_PROVIDER_PATHS"
163-->[:flutter_email_sender] AndroidManifest.xml:16:17-67
164                android:resource="@xml/shared_file_paths" />
164-->[:flutter_email_sender] AndroidManifest.xml:17:17-58
165        </provider>
166        <provider
166-->[:image_picker_android] AndroidManifest.xml:11:9-19:20
167            android:name="io.flutter.plugins.imagepicker.ImagePickerFileProvider"
167-->[:image_picker_android] AndroidManifest.xml:12:13-82
168            android:authorities="com.example.EaRise.flutter.image_provider"
168-->[:image_picker_android] AndroidManifest.xml:13:13-74
169            android:exported="false"
169-->[:image_picker_android] AndroidManifest.xml:14:13-37
170            android:grantUriPermissions="true" >
170-->[:image_picker_android] AndroidManifest.xml:15:13-47
171            <meta-data
171-->[:flutter_email_sender] AndroidManifest.xml:15:13-17:61
172                android:name="android.support.FILE_PROVIDER_PATHS"
172-->[:flutter_email_sender] AndroidManifest.xml:16:17-67
173                android:resource="@xml/flutter_image_picker_file_paths" />
173-->[:flutter_email_sender] AndroidManifest.xml:17:17-58
174        </provider> <!-- Trigger Google Play services to install the backported photo picker module. -->
175        <service
175-->[:image_picker_android] AndroidManifest.xml:21:9-33:19
176            android:name="com.google.android.gms.metadata.ModuleDependencies"
176-->[:image_picker_android] AndroidManifest.xml:22:13-78
177            android:enabled="false"
177-->[:image_picker_android] AndroidManifest.xml:23:13-36
178            android:exported="false" >
178-->[:image_picker_android] AndroidManifest.xml:24:13-37
179            <intent-filter>
179-->[:image_picker_android] AndroidManifest.xml:26:13-28:29
180                <action android:name="com.google.android.gms.metadata.MODULE_DEPENDENCIES" />
180-->[:image_picker_android] AndroidManifest.xml:27:17-94
180-->[:image_picker_android] AndroidManifest.xml:27:25-91
181            </intent-filter>
182
183            <meta-data
183-->[:image_picker_android] AndroidManifest.xml:30:13-32:36
184                android:name="photopicker_activity:0:required"
184-->[:image_picker_android] AndroidManifest.xml:31:17-63
185                android:value="" />
185-->[:image_picker_android] AndroidManifest.xml:32:17-33
186        </service>
187
188        <activity
188-->[:url_launcher_android] AndroidManifest.xml:10:9-13:74
189            android:name="io.flutter.plugins.urllauncher.WebViewActivity"
189-->[:url_launcher_android] AndroidManifest.xml:11:13-74
190            android:exported="false"
190-->[:url_launcher_android] AndroidManifest.xml:12:13-37
191            android:theme="@android:style/Theme.NoTitleBar.Fullscreen" />
191-->[:url_launcher_android] AndroidManifest.xml:13:13-71
192        <!--
193           Declares a provider which allows us to store files to share in
194           '.../caches/share_plus' and grant the receiving action access
195        -->
196        <provider
196-->[:share_plus] AndroidManifest.xml:15:9-23:20
197            android:name="dev.fluttercommunity.plus.share.ShareFileProvider"
197-->[:share_plus] AndroidManifest.xml:16:13-77
198            android:authorities="com.example.EaRise.flutter.share_provider"
198-->[:share_plus] AndroidManifest.xml:17:13-74
199            android:exported="false"
199-->[:share_plus] AndroidManifest.xml:18:13-37
200            android:grantUriPermissions="true" >
200-->[:share_plus] AndroidManifest.xml:19:13-47
201            <meta-data
201-->[:flutter_email_sender] AndroidManifest.xml:15:13-17:61
202                android:name="android.support.FILE_PROVIDER_PATHS"
202-->[:flutter_email_sender] AndroidManifest.xml:16:17-67
203                android:resource="@xml/flutter_share_file_paths" />
203-->[:flutter_email_sender] AndroidManifest.xml:17:17-58
204        </provider>
205        <!--
206           This manifest declared broadcast receiver allows us to use an explicit
207           Intent when creating a PendingItent to be informed of the user's choice
208        -->
209        <receiver
209-->[:share_plus] AndroidManifest.xml:28:9-34:20
210            android:name="dev.fluttercommunity.plus.share.SharePlusPendingIntent"
210-->[:share_plus] AndroidManifest.xml:29:13-82
211            android:exported="false" >
211-->[:share_plus] AndroidManifest.xml:30:13-37
212            <intent-filter>
212-->[:share_plus] AndroidManifest.xml:31:13-33:29
213                <action android:name="EXTRA_CHOSEN_COMPONENT" />
213-->[:share_plus] AndroidManifest.xml:32:17-65
213-->[:share_plus] AndroidManifest.xml:32:25-62
214            </intent-filter>
215        </receiver>
216
217        <activity
217-->[com.google.firebase:firebase-auth:23.0.0] AndroidManifest.xml:29:9-46:20
218            android:name="com.google.firebase.auth.internal.GenericIdpActivity"
218-->[com.google.firebase:firebase-auth:23.0.0] AndroidManifest.xml:30:13-80
219            android:excludeFromRecents="true"
219-->[com.google.firebase:firebase-auth:23.0.0] AndroidManifest.xml:31:13-46
220            android:exported="true"
220-->[com.google.firebase:firebase-auth:23.0.0] AndroidManifest.xml:32:13-36
221            android:launchMode="singleTask"
221-->[com.google.firebase:firebase-auth:23.0.0] AndroidManifest.xml:33:13-44
222            android:theme="@android:style/Theme.Translucent.NoTitleBar" >
222-->[com.google.firebase:firebase-auth:23.0.0] AndroidManifest.xml:34:13-72
223            <intent-filter>
223-->[com.google.firebase:firebase-auth:23.0.0] AndroidManifest.xml:35:13-45:29
224                <action android:name="android.intent.action.VIEW" />
224-->[com.google.firebase:firebase-auth:23.0.0] AndroidManifest.xml:36:17-69
224-->[com.google.firebase:firebase-auth:23.0.0] AndroidManifest.xml:36:25-66
225
226                <category android:name="android.intent.category.DEFAULT" />
226-->[com.google.firebase:firebase-auth:23.0.0] AndroidManifest.xml:38:17-76
226-->[com.google.firebase:firebase-auth:23.0.0] AndroidManifest.xml:38:27-73
227                <category android:name="android.intent.category.BROWSABLE" />
227-->[com.google.firebase:firebase-auth:23.0.0] AndroidManifest.xml:39:17-78
227-->[com.google.firebase:firebase-auth:23.0.0] AndroidManifest.xml:39:27-75
228
229                <data
229-->src\main\AndroidManifest.xml:19:13-45
230                    android:host="firebase.auth"
231                    android:path="/"
232                    android:scheme="genericidp" />
232-->src\main\AndroidManifest.xml:19:19-42
233            </intent-filter>
234        </activity>
235        <activity
235-->[com.google.firebase:firebase-auth:23.0.0] AndroidManifest.xml:47:9-64:20
236            android:name="com.google.firebase.auth.internal.RecaptchaActivity"
236-->[com.google.firebase:firebase-auth:23.0.0] AndroidManifest.xml:48:13-79
237            android:excludeFromRecents="true"
237-->[com.google.firebase:firebase-auth:23.0.0] AndroidManifest.xml:49:13-46
238            android:exported="true"
238-->[com.google.firebase:firebase-auth:23.0.0] AndroidManifest.xml:50:13-36
239            android:launchMode="singleTask"
239-->[com.google.firebase:firebase-auth:23.0.0] AndroidManifest.xml:51:13-44
240            android:theme="@android:style/Theme.Translucent.NoTitleBar" >
240-->[com.google.firebase:firebase-auth:23.0.0] AndroidManifest.xml:52:13-72
241            <intent-filter>
241-->[com.google.firebase:firebase-auth:23.0.0] AndroidManifest.xml:53:13-63:29
242                <action android:name="android.intent.action.VIEW" />
242-->[com.google.firebase:firebase-auth:23.0.0] AndroidManifest.xml:36:17-69
242-->[com.google.firebase:firebase-auth:23.0.0] AndroidManifest.xml:36:25-66
243
244                <category android:name="android.intent.category.DEFAULT" />
244-->[com.google.firebase:firebase-auth:23.0.0] AndroidManifest.xml:38:17-76
244-->[com.google.firebase:firebase-auth:23.0.0] AndroidManifest.xml:38:27-73
245                <category android:name="android.intent.category.BROWSABLE" />
245-->[com.google.firebase:firebase-auth:23.0.0] AndroidManifest.xml:39:17-78
245-->[com.google.firebase:firebase-auth:23.0.0] AndroidManifest.xml:39:27-75
246
247                <data
247-->src\main\AndroidManifest.xml:19:13-45
248                    android:host="firebase.auth"
249                    android:path="/"
250                    android:scheme="recaptcha" />
250-->src\main\AndroidManifest.xml:19:19-42
251            </intent-filter>
252        </activity>
253
254        <property
254-->[com.google.android.gms:play-services-measurement-api:22.0.0] AndroidManifest.xml:30:9-32:61
255            android:name="android.adservices.AD_SERVICES_CONFIG"
255-->[com.google.android.gms:play-services-measurement-api:22.0.0] AndroidManifest.xml:31:13-65
256            android:resource="@xml/ga_ad_services_config" />
256-->[com.google.android.gms:play-services-measurement-api:22.0.0] AndroidManifest.xml:32:13-58
257
258        <provider
258-->[com.google.firebase:firebase-common:21.0.0] AndroidManifest.xml:23:9-28:39
259            android:name="com.google.firebase.provider.FirebaseInitProvider"
259-->[com.google.firebase:firebase-common:21.0.0] AndroidManifest.xml:24:13-77
260            android:authorities="com.example.EaRise.firebaseinitprovider"
260-->[com.google.firebase:firebase-common:21.0.0] AndroidManifest.xml:25:13-72
261            android:directBootAware="true"
261-->[com.google.firebase:firebase-common:21.0.0] AndroidManifest.xml:26:13-43
262            android:exported="false"
262-->[com.google.firebase:firebase-common:21.0.0] AndroidManifest.xml:27:13-37
263            android:initOrder="100" />
263-->[com.google.firebase:firebase-common:21.0.0] AndroidManifest.xml:28:13-36
264
265        <service
265-->[androidx.credentials:credentials-play-services-auth:1.2.0-rc01] AndroidManifest.xml:24:9-32:19
266            android:name="androidx.credentials.playservices.CredentialProviderMetadataHolder"
266-->[androidx.credentials:credentials-play-services-auth:1.2.0-rc01] AndroidManifest.xml:25:13-94
267            android:enabled="true"
267-->[androidx.credentials:credentials-play-services-auth:1.2.0-rc01] AndroidManifest.xml:26:13-35
268            android:exported="false" >
268-->[androidx.credentials:credentials-play-services-auth:1.2.0-rc01] AndroidManifest.xml:27:13-37
269            <meta-data
269-->[androidx.credentials:credentials-play-services-auth:1.2.0-rc01] AndroidManifest.xml:29:13-31:104
270                android:name="androidx.credentials.CREDENTIAL_PROVIDER_KEY"
270-->[androidx.credentials:credentials-play-services-auth:1.2.0-rc01] AndroidManifest.xml:30:17-76
271                android:value="androidx.credentials.playservices.CredentialProviderPlayServicesImpl" />
271-->[androidx.credentials:credentials-play-services-auth:1.2.0-rc01] AndroidManifest.xml:31:17-101
272        </service>
273
274        <activity
274-->[androidx.credentials:credentials-play-services-auth:1.2.0-rc01] AndroidManifest.xml:34:9-41:20
275            android:name="androidx.credentials.playservices.HiddenActivity"
275-->[androidx.credentials:credentials-play-services-auth:1.2.0-rc01] AndroidManifest.xml:35:13-76
276            android:configChanges="orientation|screenSize|screenLayout|keyboardHidden"
276-->[androidx.credentials:credentials-play-services-auth:1.2.0-rc01] AndroidManifest.xml:36:13-87
277            android:enabled="true"
277-->[androidx.credentials:credentials-play-services-auth:1.2.0-rc01] AndroidManifest.xml:37:13-35
278            android:exported="false"
278-->[androidx.credentials:credentials-play-services-auth:1.2.0-rc01] AndroidManifest.xml:38:13-37
279            android:fitsSystemWindows="true"
279-->[androidx.credentials:credentials-play-services-auth:1.2.0-rc01] AndroidManifest.xml:39:13-45
280            android:theme="@style/Theme.Hidden" >
280-->[androidx.credentials:credentials-play-services-auth:1.2.0-rc01] AndroidManifest.xml:40:13-48
281        </activity>
282        <activity
282-->[com.google.android.gms:play-services-auth:21.0.0] AndroidManifest.xml:23:9-27:75
283            android:name="com.google.android.gms.auth.api.signin.internal.SignInHubActivity"
283-->[com.google.android.gms:play-services-auth:21.0.0] AndroidManifest.xml:24:13-93
284            android:excludeFromRecents="true"
284-->[com.google.android.gms:play-services-auth:21.0.0] AndroidManifest.xml:25:13-46